<?xml version="1.0" encoding="UTF-8"?>
<testsuite name="ParkingLotTest" tests="1" skipped="0" failures="0" errors="0" timestamp="2020-04-06T12:38:45" hostname="rohini-BridgeLabz" time="0.032">
  <properties/>
  <testcase name="givenParkingLotSystem_policeDepartmentWantToKnowAllToyatoBlueCar" classname="ParkingLotTest" time="0.032"/>
  <system-out><![CDATA[[2]
]]></system-out>
  <system-err><![CDATA[]]></system-err>
</testsuite>
