<?xml version="1.0" encoding="UTF-8"?>
<testsuite name="ParkingLotTest" tests="1" skipped="0" failures="0" errors="0" timestamp="2020-03-28T12:46:43" hostname="rohini-BridgeLabz" time="0.004">
  <properties/>
  <testcase name="givenParkingLotFull_ShouldInformtoAirportSecurityrReturnTrue" classname="ParkingLotTest" time="0.004"/>
  <system-out><![CDATA[0
1
]]></system-out>
  <system-err><![CDATA[]]></system-err>
</testsuite>
