<?xml version="1.0" encoding="UTF-8"?>
<testsuite name="ParkingLotTest" tests="1" skipped="0" failures="0" errors="0" timestamp="2020-04-01T07:25:08" hostname="rohini-BridgeLabz" time="0.021">
  <properties/>
  <testcase name="givenParkingLotOwnerWanttoKnow_whenCarUnParkInslot_ShouldBeReturnTime" classname="ParkingLotTest" time="0.021"/>
  <system-out><![CDATA[2
]]></system-out>
  <system-err><![CDATA[]]></system-err>
</testsuite>
