<?xml version="1.0" encoding="UTF-8"?>
<testsuite name="ParkingLotTest" tests="1" skipped="0" failures="0" errors="0" timestamp="2020-04-06T13:38:44" hostname="rohini-BridgeLabz" time="0.034">
  <properties/>
  <testcase name="givenParkingLotSystem_policeDepartmentWantToKnowAllCarParkedInLast30Min" classname="ParkingLotTest" time="0.034"/>
  <system-out><![CDATA[]]></system-out>
  <system-err><![CDATA[]]></system-err>
</testsuite>
