<?xml version="1.0" encoding="UTF-8"?>
<testsuite name="ParkingLotTest" tests="1" skipped="0" failures="0" errors="0" timestamp="2020-04-03T12:11:29" hostname="rohini-BridgeLabz" time="0.057">
  <properties/>
  <testcase name="giveParkingLotSystem_whenLargeVehicleInParkInParkingLot_shouldBeReturnTrue" classname="ParkingLotTest" time="0.057"/>
  <system-out><![CDATA[4
6
]]></system-out>
  <system-err><![CDATA[]]></system-err>
</testsuite>
