<?xml version="1.0" encoding="UTF-8"?>
<testsuite name="ParkingLotTest" tests="1" skipped="0" failures="0" errors="0" timestamp="2020-03-07T10:50:43" hostname="rohini-BridgeLabz" time="0.001">
  <properties/>
  <testcase name="givenPaking_DriverWantToParkCar" classname="ParkingLotTest" time="0.001"/>
  <system-out><![CDATA[]]></system-out>
  <system-err><![CDATA[]]></system-err>
</testsuite>
